2025-09-14 15:11:22 URL:https://qyhvjavberzttxzcxklb.webflow.io/ [30626] -> "qyhvjavberzttxzcxklb.webflow.io/index.html" [1]
2025-09-14 15:11:23 URL:https://cdn.prod.website-files.com/670f146bcabf0942bef546e4/css/qyhvjavberzttxzcxklb.webflow.shared.dac11502e.css [123989/123989] -> "cdn.prod.website-files.com/670f146bcabf0942bef546e4/css/qyhvjavberzttxzcxklb.webflow.shared.dac11502e.css" [1]
https://fonts.googleapis.com/:
2025-09-14 15:11:23 ERROR 404: Not Found.
https://fonts.gstatic.com/:
2025-09-14 15:11:24 ERROR 404: Not Found.
2025-09-14 15:11:24 URL:https://ajax.googleapis.com/ajax/libs/webfont/1.6.26/webfont.js [13188/13188] -> "ajax.googleapis.com/ajax/libs/webfont/1.6.26/webfont.js" [1]
2025-09-14 15:11:25 URL:https://cdn.prod.website-files.com/670f146bcabf0942bef546e4/670f146bcabf0942bef54946_32.png [912/912] -> "cdn.prod.website-files.com/670f146bcabf0942bef546e4/670f146bcabf0942bef54946_32.png" [1]
2025-09-14 15:11:26 URL:https://cdn.prod.website-files.com/670f146bcabf0942bef546e4/670f146bcabf0942bef54945_256.png [10036/10036] -> "cdn.prod.website-files.com/670f146bcabf0942bef546e4/670f146bcabf0942bef54945_256.png" [1]
2025-09-14 15:11:27 URL:https://cdn.prod.website-files.com/670f146bcabf0942bef546e4/670f146bcabf0942bef54794_Hamburger%20icon.svg [270/270] -> "cdn.prod.website-files.com/670f146bcabf0942bef546e4/670f146bcabf0942bef54794_Hamburger icon.svg" [1]
2025-09-14 15:11:27 URL:https://cdn.prod.website-files.com/670f146bcabf0942bef546e4/670f146bcabf0942bef54796_close.svg [440/440] -> "cdn.prod.website-files.com/670f146bcabf0942bef546e4/670f146bcabf0942bef54796_close.svg" [1]
2025-09-14 15:11:28 URL:https://qyhvjavberzttxzcxklb.webflow.io/product-page [39069] -> "qyhvjavberzttxzcxklb.webflow.io/product-page.html" [1]
2025-09-14 15:11:28 URL:https://qyhvjavberzttxzcxklb.webflow.io/about [29166] -> "qyhvjavberzttxzcxklb.webflow.io/about.html" [1]
2025-09-14 15:11:29 URL:https://qyhvjavberzttxzcxklb.webflow.io/careers [33094] -> "qyhvjavberzttxzcxklb.webflow.io/careers.html" [1]
2025-09-14 15:11:30 URL:https://qyhvjavberzttxzcxklb.webflow.io/news [22353] -> "qyhvjavberzttxzcxklb.webflow.io/news.html" [1]
2025-09-14 15:11:30 URL:https://qyhvjavberzttxzcxklb.webflow.io/contact [15203] -> "qyhvjavberzttxzcxklb.webflow.io/contact.html" [1]
2025-09-14 15:11:31 URL:https://cdn.prod.website-files.com/670f146bcabf0942bef546e4/670f146bcabf0942bef54901_Button%20Arrow.svg [439/439] -> "cdn.prod.website-files.com/670f146bcabf0942bef546e4/670f146bcabf0942bef54901_Button Arrow.svg" [1]
2025-09-14 15:11:31 URL:https://cdn.prod.website-files.com/670f146bcabf0942bef546e4/670f146bcabf0942bef548f9_plane%20white%20background%20square.avif [26828/26828] -> "cdn.prod.website-files.com/670f146bcabf0942bef546e4/670f146bcabf0942bef548f9_plane white background square.avif" [1]
2025-09-14 15:11:32 URL:https://cdn.prod.website-files.com/670f146bcabf0942bef546e4/670f146bcabf0942bef548cf_back%20of%20plane.avif [14573/14573] -> "cdn.prod.website-files.com/670f146bcabf0942bef546e4/670f146bcabf0942bef548cf_back of plane.avif" [1]
2025-09-14 15:11:33 URL:https://cdn.prod.website-files.com/670f146bcabf0942bef546e4/670f146bcabf0942bef548f2_engine%202%20wide.avif [9820/9820] -> "cdn.prod.website-files.com/670f146bcabf0942bef546e4/670f146bcabf0942bef548f2_engine 2 wide.avif" [1]
2025-09-14 15:11:33 URL:https://cdn.prod.website-files.com/670f146bcabf0942bef546e4/670f146bcabf0942bef548e2_plane%20black%20background.avif [145770/145770] -> "cdn.prod.website-files.com/670f146bcabf0942bef546e4/670f146bcabf0942bef548e2_plane black background.avif" [1]
2025-09-14 15:11:34 URL:https://cdn.prod.website-files.com/670f146bcabf0942bef546e4/670f146bcabf0942bef54904_flying%202%20bw.avif [174216/174216] -> "cdn.prod.website-files.com/670f146bcabf0942bef546e4/670f146bcabf0942bef54904_flying 2 bw.avif" [1]
2025-09-14 15:11:34 URL:https://cdn.prod.website-files.com/670f146bcabf0942bef546e4/670f146bcabf0942bef5491d_engine%203%20wide.avif [15961/15961] -> "cdn.prod.website-files.com/670f146bcabf0942bef546e4/670f146bcabf0942bef5491d_engine 3 wide.avif" [1]
2025-09-14 15:11:35 URL:https://cdn.prod.website-files.com/670f146bcabf0942bef546e4/670f146bcabf0942bef548ea_plane%20dark%202%20cropped.avif [30102/30102] -> "cdn.prod.website-files.com/670f146bcabf0942bef546e4/670f146bcabf0942bef548ea_plane dark 2 cropped.avif" [1]
2025-09-14 15:11:35 URL:https://cdn.prod.website-files.com/670f146bcabf0942bef546e4/670f146bcabf0942bef5492c_engine%20black.avif [18498/18498] -> "cdn.prod.website-files.com/670f146bcabf0942bef546e4/670f146bcabf0942bef5492c_engine black.avif" [1]
2025-09-14 15:11:36 URL:https://cdn.prod.website-files.com/670f146bcabf0942bef546e4/670f146bcabf0942bef54907_Arrow.svg [469/469] -> "cdn.prod.website-files.com/670f146bcabf0942bef546e4/670f146bcabf0942bef54907_Arrow.svg" [1]
2025-09-14 15:11:36 URL:https://cdn.prod.website-files.com/670f146bcabf0942bef546e4/670f146bcabf0942bef548d5_full%20plane%20on%20beach%201.5.avif [34927/34927] -> "cdn.prod.website-files.com/670f146bcabf0942bef546e4/670f146bcabf0942bef548d5_full plane on beach 1.5.avif" [1]
2025-09-14 15:11:37 URL:https://cdn.prod.website-files.com/670029dfe54e815631acec11/67005950ec1dc72e2f8ba964_portrait.avif [176989/176989] -> "cdn.prod.website-files.com/670029dfe54e815631acec11/67005950ec1dc72e2f8ba964_portrait.avif" [1]
2025-09-14 15:11:38 URL:https://qyhvjavberzttxzcxklb.webflow.io/resources/electrax-aviation-and-globalization [16058] -> "qyhvjavberzttxzcxklb.webflow.io/resources/electrax-aviation-and-globalization.html" [1]
2025-09-14 15:11:38 URL:https://cdn.prod.website-files.com/670f146bcabf0942bef54756/670f146bcabf0942bef5475f_sunset%201.avif [11902/11902] -> "cdn.prod.website-files.com/670f146bcabf0942bef54756/670f146bcabf0942bef5475f_sunset 1.avif" [1]
2025-09-14 15:11:38 URL:https://qyhvjavberzttxzcxklb.webflow.io/resources/electrax-safety-standards-in-aviation [16339] -> "qyhvjavberzttxzcxklb.webflow.io/resources/electrax-safety-standards-in-aviation.html" [1]
2025-09-14 15:11:39 URL:https://cdn.prod.website-files.com/670f146bcabf0942bef54756/670f146bcabf0942bef5475d_hangar.avif [119234/119234] -> "cdn.prod.website-files.com/670f146bcabf0942bef54756/670f146bcabf0942bef5475d_hangar.avif" [1]
2025-09-14 15:11:40 URL:https://qyhvjavberzttxzcxklb.webflow.io/resources/electrax-innovation-in-personal-aircraft [16816] -> "qyhvjavberzttxzcxklb.webflow.io/resources/electrax-innovation-in-personal-aircraft.html" [1]
2025-09-14 15:11:40 URL:https://cdn.prod.website-files.com/670f146bcabf0942bef54756/670f146bcabf0942bef5475e_metal.avif [21618/21618] -> "cdn.prod.website-files.com/670f146bcabf0942bef54756/670f146bcabf0942bef5475e_metal.avif" [1]
2025-09-14 15:11:41 URL:https://cdn.prod.website-files.com/670f146bcabf0942bef546e4/670f146bcabf0942bef54902_Button%20Arrow%20Black.svg [437/437] -> "cdn.prod.website-files.com/670f146bcabf0942bef546e4/670f146bcabf0942bef54902_Button Arrow Black.svg" [1]
2025-09-14 15:11:41 URL:https://cdn.prod.website-files.com/670f146bcabf0942bef546e4/670f146bcabf0942bef54903_ElectraX%20Logo.svg [2645/2645] -> "cdn.prod.website-files.com/670f146bcabf0942bef546e4/670f146bcabf0942bef54903_ElectraX Logo.svg" [1]
2025-09-14 15:11:42 URL:https://cdn.prod.website-files.com/670f146bcabf0942bef546e4/670f146bcabf0942bef547a7_LinkedIn.svg [755/755] -> "cdn.prod.website-files.com/670f146bcabf0942bef546e4/670f146bcabf0942bef547a7_LinkedIn.svg" [1]
2025-09-14 15:11:43 URL:https://cdn.prod.website-files.com/670f146bcabf0942bef546e4/670f146bcabf0942bef5478a_Twitter.svg [1415/1415] -> "cdn.prod.website-files.com/670f146bcabf0942bef546e4/670f146bcabf0942bef5478a_Twitter.svg" [1]
2025-09-14 15:11:43 URL:https://cdn.prod.website-files.com/670f146bcabf0942bef546e4/670f146bcabf0942bef547a8_Instagram.svg [2837/2837] -> "cdn.prod.website-files.com/670f146bcabf0942bef546e4/670f146bcabf0942bef547a8_Instagram.svg" [1]
2025-09-14 15:11:43 URL:https://cdn.prod.website-files.com/670f146bcabf0942bef546e4/670f146bcabf0942bef5478e_Youtube.svg [911/911] -> "cdn.prod.website-files.com/670f146bcabf0942bef546e4/670f146bcabf0942bef5478e_Youtube.svg" [1]
2025-09-14 15:11:44 URL:https://cdn.prod.website-files.com/670f146bcabf0942bef546e4/670f146bcabf0942bef54795_Facebook.svg [345/345] -> "cdn.prod.website-files.com/670f146bcabf0942bef546e4/670f146bcabf0942bef54795_Facebook.svg" [1]
2025-09-14 15:11:45 URL:https://qyhvjavberzttxzcxklb.webflow.io/system/license [11350] -> "qyhvjavberzttxzcxklb.webflow.io/system/license.html" [1]
2025-09-14 15:11:45 URL:https://qyhvjavberzttxzcxklb.webflow.io/system/style-guide [17683] -> "qyhvjavberzttxzcxklb.webflow.io/system/style-guide.html" [1]
2025-09-14 15:11:46 URL:https://qyhvjavberzttxzcxklb.webflow.io/system/change-log [9432] -> "qyhvjavberzttxzcxklb.webflow.io/system/change-log.html" [1]
2025-09-14 15:11:47 URL:https://qyhvjavberzttxzcxklb.webflow.io/404 [4369] -> "qyhvjavberzttxzcxklb.webflow.io/404.html" [1]
2025-09-14 15:11:47 URL:https://qyhvjavberzttxzcxklb.webflow.io/401 [5387] -> "qyhvjavberzttxzcxklb.webflow.io/401.html" [1]
2025-09-14 15:11:47 URL:https://d3e54v103j8qbb.cloudfront.net/js/jquery-3.5.1.min.dc5e7f18c8.js?site=670f146bcabf0942bef546e4 [89476/89476] -> "d3e54v103j8qbb.cloudfront.net/js/jquery-3.5.1.min.dc5e7f18c8.js@site=670f146bcabf0942bef546e4" [1]
2025-09-14 15:11:48 URL:https://cdn.prod.website-files.com/670f146bcabf0942bef546e4/js/webflow.schunk.36b8fb49256177c8.js [41429/41429] -> "cdn.prod.website-files.com/670f146bcabf0942bef546e4/js/webflow.schunk.36b8fb49256177c8.js" [1]
2025-09-14 15:11:49 URL:https://cdn.prod.website-files.com/670f146bcabf0942bef546e4/js/webflow.schunk.da371e7ee9020f21.js [195157/195157] -> "cdn.prod.website-files.com/670f146bcabf0942bef546e4/js/webflow.schunk.da371e7ee9020f21.js" [1]
2025-09-14 15:11:50 URL:https://cdn.prod.website-files.com/670f146bcabf0942bef546e4/js/webflow.28123806.ea903bc300c931ac.js [1843/1843] -> "cdn.prod.website-files.com/670f146bcabf0942bef546e4/js/webflow.28123806.ea903bc300c931ac.js" [1]
2025-09-14 15:11:50 URL:https://cdn.prod.website-files.com/670f146bcabf0942bef546e4/671628f4fbac513942d2f9f4_Satoshi-Italic.woff2 [26456/26456] -> "cdn.prod.website-files.com/670f146bcabf0942bef546e4/671628f4fbac513942d2f9f4_Satoshi-Italic.woff2" [1]
2025-09-14 15:11:51 URL:https://cdn.prod.website-files.com/670f146bcabf0942bef546e4/671628f4fbac513942d2f9fb_Satoshi-BoldItalic.woff2 [26300/26300] -> "cdn.prod.website-files.com/670f146bcabf0942bef546e4/671628f4fbac513942d2f9fb_Satoshi-BoldItalic.woff2" [1]
2025-09-14 15:11:51 URL:https://cdn.prod.website-files.com/670f146bcabf0942bef546e4/671628f4fbac513942d2f9f8_Satoshi-Regular.woff2 [25516/25516] -> "cdn.prod.website-files.com/670f146bcabf0942bef546e4/671628f4fbac513942d2f9f8_Satoshi-Regular.woff2" [1]
2025-09-14 15:11:52 URL:https://cdn.prod.website-files.com/670f146bcabf0942bef546e4/671628f4fbac513942d2f9fc_Satoshi-Medium.woff2 [25596/25596] -> "cdn.prod.website-files.com/670f146bcabf0942bef546e4/671628f4fbac513942d2f9fc_Satoshi-Medium.woff2" [1]
2025-09-14 15:11:52 URL:https://cdn.prod.website-files.com/670f146bcabf0942bef546e4/671628f4fbac513942d2f9f6_Satoshi-Black.woff2 [23484/23484] -> "cdn.prod.website-files.com/670f146bcabf0942bef546e4/671628f4fbac513942d2f9f6_Satoshi-Black.woff2" [1]
2025-09-14 15:11:53 URL:https://cdn.prod.website-files.com/670f146bcabf0942bef546e4/671628f4fbac513942d2f9fa_Satoshi-Variable.woff2 [42588/42588] -> "cdn.prod.website-files.com/670f146bcabf0942bef546e4/671628f4fbac513942d2f9fa_Satoshi-Variable.woff2" [1]
2025-09-14 15:11:53 URL:https://cdn.prod.website-files.com/670f146bcabf0942bef546e4/671628f4fbac513942d2f9fe_Satoshi-Variable.woff2 [42588/42588] -> "cdn.prod.website-files.com/670f146bcabf0942bef546e4/671628f4fbac513942d2f9fe_Satoshi-Variable.woff2" [1]
2025-09-14 15:11:54 URL:https://cdn.prod.website-files.com/670f146bcabf0942bef546e4/671628f4fbac513942d2f9f5_Satoshi-MediumItalic.woff2 [26696/26696] -> "cdn.prod.website-files.com/670f146bcabf0942bef546e4/671628f4fbac513942d2f9f5_Satoshi-MediumItalic.woff2" [1]
2025-09-14 15:11:54 URL:https://cdn.prod.website-files.com/670f146bcabf0942bef546e4/671628f4fbac513942d2f9f7_Satoshi-BlackItalic.woff2 [24276/24276] -> "cdn.prod.website-files.com/670f146bcabf0942bef546e4/671628f4fbac513942d2f9f7_Satoshi-BlackItalic.woff2" [1]
2025-09-14 15:11:55 URL:https://cdn.prod.website-files.com/670f146bcabf0942bef546e4/671628f4fbac513942d2f9f9_Satoshi-LightItalic.woff2 [23408/23408] -> "cdn.prod.website-files.com/670f146bcabf0942bef546e4/671628f4fbac513942d2f9f9_Satoshi-LightItalic.woff2" [1]
2025-09-14 15:11:55 URL:https://cdn.prod.website-files.com/670f146bcabf0942bef546e4/671628f4fbac513942d2f9f3_Satoshi-Bold.woff2 [25328/25328] -> "cdn.prod.website-files.com/670f146bcabf0942bef546e4/671628f4fbac513942d2f9f3_Satoshi-Bold.woff2" [1]
2025-09-14 15:11:56 URL:https://cdn.prod.website-files.com/670f146bcabf0942bef546e4/671628f4fbac513942d2f9fd_Satoshi-Light.woff2 [22800/22800] -> "cdn.prod.website-files.com/670f146bcabf0942bef546e4/671628f4fbac513942d2f9fd_Satoshi-Light.woff2" [1]
2025-09-14 15:11:56 URL:https://cdn.prod.website-files.com/670f146bcabf0942bef546e4/671628f50dbe571e298188dc_CabinetGrotesk-Black.woff2 [19376/19376] -> "cdn.prod.website-files.com/670f146bcabf0942bef546e4/671628f50dbe571e298188dc_CabinetGrotesk-Black.woff2" [1]
2025-09-14 15:11:57 URL:https://cdn.prod.website-files.com/670f146bcabf0942bef546e4/671628f50dbe571e298188e0_CabinetGrotesk-Bold.woff2 [20300/20300] -> "cdn.prod.website-files.com/670f146bcabf0942bef546e4/671628f50dbe571e298188e0_CabinetGrotesk-Bold.woff2" [1]
2025-09-14 15:11:57 URL:https://cdn.prod.website-files.com/670f146bcabf0942bef546e4/671628f50dbe571e298188e1_CabinetGrotesk-Extrabold.woff2 [20204/20204] -> "cdn.prod.website-files.com/670f146bcabf0942bef546e4/671628f50dbe571e298188e1_CabinetGrotesk-Extrabold.woff2" [1]
2025-09-14 15:11:58 URL:https://cdn.prod.website-files.com/670f146bcabf0942bef546e4/671628f50dbe571e298188dd_CabinetGrotesk-Extralight.woff2 [20376/20376] -> "cdn.prod.website-files.com/670f146bcabf0942bef546e4/671628f50dbe571e298188dd_CabinetGrotesk-Extralight.woff2" [1]
2025-09-14 15:11:58 URL:https://cdn.prod.website-files.com/670f146bcabf0942bef546e4/671628f50dbe571e298188de_CabinetGrotesk-Light.woff2 [20332/20332] -> "cdn.prod.website-files.com/670f146bcabf0942bef546e4/671628f50dbe571e298188de_CabinetGrotesk-Light.woff2" [1]
2025-09-14 15:11:59 URL:https://cdn.prod.website-files.com/670f146bcabf0942bef546e4/671628f50dbe571e298188df_CabinetGrotesk-Regular.woff2 [20332/20332] -> "cdn.prod.website-files.com/670f146bcabf0942bef546e4/671628f50dbe571e298188df_CabinetGrotesk-Regular.woff2" [1]
2025-09-14 15:11:59 URL:https://cdn.prod.website-files.com/670f146bcabf0942bef546e4/671628f50dbe571e298188e3_CabinetGrotesk-Medium.woff2 [20260/20260] -> "cdn.prod.website-files.com/670f146bcabf0942bef546e4/671628f50dbe571e298188e3_CabinetGrotesk-Medium.woff2" [1]
2025-09-14 15:12:00 URL:https://cdn.prod.website-files.com/670f146bcabf0942bef546e4/671628f50dbe571e298188e2_CabinetGrotesk-Thin.woff2 [19732/19732] -> "cdn.prod.website-files.com/670f146bcabf0942bef546e4/671628f50dbe571e298188e2_CabinetGrotesk-Thin.woff2" [1]
2025-09-14 15:12:00 URL:https://cdn.prod.website-files.com/670f146bcabf0942bef546e4/670f146bcabf0942bef54909_plane%20black%20background%20wide.avif [86694/86694] -> "cdn.prod.website-files.com/670f146bcabf0942bef546e4/670f146bcabf0942bef54909_plane black background wide.avif" [1]
2025-09-14 15:12:01 URL:https://cdn.prod.website-files.com/670f146bcabf0942bef546e4/670f146bcabf0942bef5491e_engine%203.avif [20300/20300] -> "cdn.prod.website-files.com/670f146bcabf0942bef546e4/670f146bcabf0942bef5491e_engine 3.avif" [1]
2025-09-14 15:12:02 URL:https://cdn.prod.website-files.com/670f146bcabf0942bef546e4/670f146bcabf0942bef5493b_sunset%201.1.avif [15162/15162] -> "cdn.prod.website-files.com/670f146bcabf0942bef546e4/670f146bcabf0942bef5493b_sunset 1.1.avif" [1]
2025-09-14 15:12:02 URL:https://cdn.prod.website-files.com/670f146bcabf0942bef546e4/670f146bcabf0942bef548d6_interior.avif [110790/110790] -> "cdn.prod.website-files.com/670f146bcabf0942bef546e4/670f146bcabf0942bef548d6_interior.avif" [1]
2025-09-14 15:12:03 URL:https://cdn.prod.website-files.com/670f146bcabf0942bef546e4/670f146bcabf0942bef54905_cockpit%203.avif [171308/171308] -> "cdn.prod.website-files.com/670f146bcabf0942bef546e4/670f146bcabf0942bef54905_cockpit 3.avif" [1]
2025-09-14 15:12:03 URL:https://cdn.prod.website-files.com/670f146bcabf0942bef546e4/670f146bcabf0942bef548f3_bar%201.avif [143798/143798] -> "cdn.prod.website-files.com/670f146bcabf0942bef546e4/670f146bcabf0942bef548f3_bar 1.avif" [1]
2025-09-14 15:12:04 URL:https://cdn.prod.website-files.com/670f146bcabf0942bef546e4/670f146bcabf0942bef548e3_interior%206.avif [145460/145460] -> "cdn.prod.website-files.com/670f146bcabf0942bef546e4/670f146bcabf0942bef548e3_interior 6.avif" [1]
2025-09-14 15:12:05 URL:https://cdn.prod.website-files.com/670f146bcabf0942bef546e4/670f146bcabf0942bef54906_cockpit%204.avif [153576/153576] -> "cdn.prod.website-files.com/670f146bcabf0942bef546e4/670f146bcabf0942bef54906_cockpit 4.avif" [1]
2025-09-14 15:12:05 URL:https://cdn.prod.website-files.com/670f146bcabf0942bef546e4/670f146bcabf0942bef5490b_bar%204.avif [186262/186262] -> "cdn.prod.website-files.com/670f146bcabf0942bef546e4/670f146bcabf0942bef5490b_bar 4.avif" [1]
2025-09-14 15:12:06 URL:https://cdn.prod.website-files.com/670f146bcabf0942bef546e4/670f146bcabf0942bef5490a_bar%203.avif [215963/215963] -> "cdn.prod.website-files.com/670f146bcabf0942bef546e4/670f146bcabf0942bef5490a_bar 3.avif" [1]
2025-09-14 15:12:06 URL:https://cdn.prod.website-files.com/670f146bcabf0942bef546e4/670f146bcabf0942bef5490c_bar%205.avif [166552/166552] -> "cdn.prod.website-files.com/670f146bcabf0942bef546e4/670f146bcabf0942bef5490c_bar 5.avif" [1]
2025-09-14 15:12:07 URL:https://cdn.prod.website-files.com/670f146bcabf0942bef546e4/670f146bcabf0942bef54943_arrow%20white.svg [467/467] -> "cdn.prod.website-files.com/670f146bcabf0942bef546e4/670f146bcabf0942bef54943_arrow white.svg" [1]
2025-09-14 15:12:08 URL:https://cdn.prod.website-files.com/670f146bcabf0942bef546e4/670f146bcabf0942bef548e4_phone.avif [56730/56730] -> "cdn.prod.website-files.com/670f146bcabf0942bef546e4/670f146bcabf0942bef548e4_phone.avif" [1]
2025-09-14 15:12:08 URL:https://cdn.prod.website-files.com/670f146bcabf0942bef546e4/js/webflow.b5c3d206.9c2280e3e3c59e37.js [5040/5040] -> "cdn.prod.website-files.com/670f146bcabf0942bef546e4/js/webflow.b5c3d206.9c2280e3e3c59e37.js" [1]
2025-09-14 15:12:09 URL:https://cdn.prod.website-files.com/670f146bcabf0942bef546e4/670f146bcabf0942bef54926_hanger.avif [136150/136150] -> "cdn.prod.website-files.com/670f146bcabf0942bef546e4/670f146bcabf0942bef54926_hanger.avif" [1]
2025-09-14 15:12:09 URL:https://cdn.prod.website-files.com/670f146bcabf0942bef546e4/670f146bcabf0942bef5492e_headshot%202.avif [24727/24727] -> "cdn.prod.website-files.com/670f146bcabf0942bef546e4/670f146bcabf0942bef5492e_headshot 2.avif" [1]
2025-09-14 15:12:10 URL:https://cdn.prod.website-files.com/670f146bcabf0942bef546e4/670f146bcabf0942bef54934_headshot%208.avif [71454/71454] -> "cdn.prod.website-files.com/670f146bcabf0942bef546e4/670f146bcabf0942bef54934_headshot 8.avif" [1]
2025-09-14 15:12:10 URL:https://cdn.prod.website-files.com/670f146bcabf0942bef546e4/670f146bcabf0942bef5492f_headshot%205.avif [20324/20324] -> "cdn.prod.website-files.com/670f146bcabf0942bef546e4/670f146bcabf0942bef5492f_headshot 5.avif" [1]
2025-09-14 15:12:11 URL:https://cdn.prod.website-files.com/670f146bcabf0942bef546e4/670f146bcabf0942bef54930_headshot%206.avif [21728/21728] -> "cdn.prod.website-files.com/670f146bcabf0942bef546e4/670f146bcabf0942bef54930_headshot 6.avif" [1]
2025-09-14 15:12:11 URL:https://cdn.prod.website-files.com/670f146bcabf0942bef546e4/670f146bcabf0942bef54938_careers.avif [43474/43474] -> "cdn.prod.website-files.com/670f146bcabf0942bef546e4/670f146bcabf0942bef54938_careers.avif" [1]
2025-09-14 15:12:12 URL:https://cdn.prod.website-files.com/670f146bcabf0942bef546e4/670f146bcabf0942bef54942_sunset%202%20wide.avif [6458/6458] -> "cdn.prod.website-files.com/670f146bcabf0942bef546e4/670f146bcabf0942bef54942_sunset 2 wide.avif" [1]
2025-09-14 15:12:13 URL:https://cdn.prod.website-files.com/670f146bcabf0942bef546e4/670f146bcabf0942bef54937_plane%20white%20background.avif [37942/37942] -> "cdn.prod.website-files.com/670f146bcabf0942bef546e4/670f146bcabf0942bef54937_plane white background.avif" [1]
2025-09-14 15:12:13 URL:https://cdn.prod.website-files.com/670f146bcabf0942bef546e4/670f146bcabf0942bef54936_values%20abstract%202.avif [22319/22319] -> "cdn.prod.website-files.com/670f146bcabf0942bef546e4/670f146bcabf0942bef54936_values abstract 2.avif" [1]
2025-09-14 15:12:14 URL:https://cdn.prod.website-files.com/670f146bcabf0942bef546e4/670f146bcabf0942bef54811_external-link-alt.svg [604/604] -> "cdn.prod.website-files.com/670f146bcabf0942bef546e4/670f146bcabf0942bef54811_external-link-alt.svg" [1]
2025-09-14 15:12:14 URL:https://cdn.prod.website-files.com/670f146bcabf0942bef546e4/js/webflow.47645843.558d28bbc859118a.js [10435/10435] -> "cdn.prod.website-files.com/670f146bcabf0942bef546e4/js/webflow.47645843.558d28bbc859118a.js" [1]
2025-09-14 15:12:15 URL:https://qyhvjavberzttxzcxklb.webflow.io/resources/electrax-aviation-safety-and-security [16106] -> "qyhvjavberzttxzcxklb.webflow.io/resources/electrax-aviation-safety-and-security.html" [1]
2025-09-14 15:12:16 URL:https://cdn.prod.website-files.com/670f146bcabf0942bef54756/670f146bcabf0942bef54769_phone%202.avif [30530/30530] -> "cdn.prod.website-files.com/670f146bcabf0942bef54756/670f146bcabf0942bef54769_phone 2.avif" [1]
2025-09-14 15:12:16 URL:https://qyhvjavberzttxzcxklb.webflow.io/resources/electrax-aviation-technology-and-innovation [16041] -> "qyhvjavberzttxzcxklb.webflow.io/resources/electrax-aviation-technology-and-innovation.html" [1]
2025-09-14 15:12:17 URL:https://cdn.prod.website-files.com/670f146bcabf0942bef54756/670f146bcabf0942bef54768_back%20of%20plane.avif [11120/11120] -> "cdn.prod.website-files.com/670f146bcabf0942bef54756/670f146bcabf0942bef54768_back of plane.avif" [1]
2025-09-14 15:12:18 URL:https://qyhvjavberzttxzcxklb.webflow.io/resources/electrax-the-impact-of-aviation-on-economy [16122] -> "qyhvjavberzttxzcxklb.webflow.io/resources/electrax-the-impact-of-aviation-on-economy.html" [1]
2025-09-14 15:12:18 URL:https://cdn.prod.website-files.com/670f146bcabf0942bef54756/670f146bcabf0942bef54767_full%20plane%20on%20beach%201.5.avif [25404/25404] -> "cdn.prod.website-files.com/670f146bcabf0942bef54756/670f146bcabf0942bef54767_full plane on beach 1.5.avif" [1]
2025-09-14 15:12:19 URL:https://qyhvjavberzttxzcxklb.webflow.io/resources/electrax-aviation-careers-and-opportunities [16130] -> "qyhvjavberzttxzcxklb.webflow.io/resources/electrax-aviation-careers-and-opportunities.html" [1]
2025-09-14 15:12:20 URL:https://cdn.prod.website-files.com/670f146bcabf0942bef54756/670f146bcabf0942bef5476a_careers.avif [77174/77174] -> "cdn.prod.website-files.com/670f146bcabf0942bef54756/670f146bcabf0942bef5476a_careers.avif" [1]
2025-09-14 15:12:20 URL:https://qyhvjavberzttxzcxklb.webflow.io/resources/electrax-the-future-of-electric-aviation [16200] -> "qyhvjavberzttxzcxklb.webflow.io/resources/electrax-the-future-of-electric-aviation.html" [1]
2025-09-14 15:12:21 URL:https://cdn.prod.website-files.com/670f146bcabf0942bef54756/670f146bcabf0942bef54766_values%20abstract.avif [46426/46426] -> "cdn.prod.website-files.com/670f146bcabf0942bef54756/670f146bcabf0942bef54766_values abstract.avif" [1]
2025-09-14 15:12:21 URL:https://qyhvjavberzttxzcxklb.webflow.io/resources/electrax-aviation-regulations-and-compliance [16215] -> "qyhvjavberzttxzcxklb.webflow.io/resources/electrax-aviation-regulations-and-compliance.html" [1]
2025-09-14 15:12:22 URL:https://cdn.prod.website-files.com/670f146bcabf0942bef54756/670f146bcabf0942bef54765_engine%204.avif [45351/45351] -> "cdn.prod.website-files.com/670f146bcabf0942bef54756/670f146bcabf0942bef54765_engine 4.avif" [1]
2025-09-14 15:12:23 URL:https://qyhvjavberzttxzcxklb.webflow.io/resources/electrax-the-role-of-technology-in-aviation [16144] -> "qyhvjavberzttxzcxklb.webflow.io/resources/electrax-the-role-of-technology-in-aviation.html" [1]
2025-09-14 15:12:24 URL:https://cdn.prod.website-files.com/670f146bcabf0942bef54756/670f146bcabf0942bef54764_engine.avif [148118/148118] -> "cdn.prod.website-files.com/670f146bcabf0942bef54756/670f146bcabf0942bef54764_engine.avif" [1]
2025-09-14 15:12:24 URL:https://qyhvjavberzttxzcxklb.webflow.io/resources/electrax-maintenance-tips-for-personal-aircraft [16260] -> "qyhvjavberzttxzcxklb.webflow.io/resources/electrax-maintenance-tips-for-personal-aircraft.html" [1]
2025-09-14 15:12:25 URL:https://cdn.prod.website-files.com/670f146bcabf0942bef54756/670f146bcabf0942bef54763_white%20tail.avif [46278/46278] -> "cdn.prod.website-files.com/670f146bcabf0942bef54756/670f146bcabf0942bef54763_white tail.avif" [1]
2025-09-14 15:12:26 URL:https://qyhvjavberzttxzcxklb.webflow.io/resources/electrax-the-future-of-urban-air-mobility [16343] -> "qyhvjavberzttxzcxklb.webflow.io/resources/electrax-the-future-of-urban-air-mobility.html" [1]
2025-09-14 15:12:27 URL:https://cdn.prod.website-files.com/670f146bcabf0942bef54756/670f146bcabf0942bef54762_engine%203%20wide.avif [27030/27030] -> "cdn.prod.website-files.com/670f146bcabf0942bef54756/670f146bcabf0942bef54762_engine 3 wide.avif" [1]
2025-09-14 15:12:27 URL:https://qyhvjavberzttxzcxklb.webflow.io/resources/electrax-choosing-the-right-personal-aircraft [16474] -> "qyhvjavberzttxzcxklb.webflow.io/resources/electrax-choosing-the-right-personal-aircraft.html" [1]
2025-09-14 15:12:28 URL:https://cdn.prod.website-files.com/670f146bcabf0942bef54756/670f146bcabf0942bef54761_hanger.avif [180953/180953] -> "cdn.prod.website-files.com/670f146bcabf0942bef54756/670f146bcabf0942bef54761_hanger.avif" [1]
2025-09-14 15:12:28 URL:https://qyhvjavberzttxzcxklb.webflow.io/resources/electrax-environmental-impact-of-personal-aircraft [16299] -> "qyhvjavberzttxzcxklb.webflow.io/resources/electrax-environmental-impact-of-personal-aircraft.html" [1]
2025-09-14 15:12:29 URL:https://cdn.prod.website-files.com/670f146bcabf0942bef54756/670f146bcabf0942bef54760_history.avif [60936/60936] -> "cdn.prod.website-files.com/670f146bcabf0942bef54756/670f146bcabf0942bef54760_history.avif" [1]
2025-09-14 15:12:30 URL:https://cdn.prod.website-files.com/670f146bcabf0942bef54756/670f146bcabf0942bef5475c_plane%20white%20background.avif [17264/17264] -> "cdn.prod.website-files.com/670f146bcabf0942bef54756/670f146bcabf0942bef5475c_plane white background.avif" [1]
2025-09-14 15:12:30 URL:https://cdn.prod.website-files.com/670f146bcabf0942bef546e4/670f146bcabf0942bef54944_sunset%201.1.avif [18530/18530] -> "cdn.prod.website-files.com/670f146bcabf0942bef546e4/670f146bcabf0942bef54944_sunset 1.1.avif" [1]
2025-09-14 15:12:30 URL:https://cdn.prod.website-files.com/img/image-placeholder.svg [801/801] -> "cdn.prod.website-files.com/img/image-placeholder.svg" [1]
2025-09-14 15:12:31 URL:https://cdn.prod.website-files.com/670f146bcabf0942bef546e4/js/webflow.3d05903b.a4de0ba128ea4de3.js [6763/6763] -> "cdn.prod.website-files.com/670f146bcabf0942bef546e4/js/webflow.3d05903b.a4de0ba128ea4de3.js" [1]
2025-09-14 15:12:32 URL:https://cdn.prod.website-files.com/static/page-not-found.211a85e40c.svg [754/754] -> "cdn.prod.website-files.com/static/page-not-found.211a85e40c.svg" [1]
2025-09-14 15:12:32 URL:https://cdn.prod.website-files.com/static/utility-lock.ae54711958.svg [533/533] -> "cdn.prod.website-files.com/static/utility-lock.ae54711958.svg" [1]
FINISHED --2025-09-14 15:12:32--
Total wall clock time: 1m 11s
Downloaded: 119 files, 4.6M in 0.3s (13.7 MB/s)
